2020-06-08T04:43:09.152Z [grades-control-api] error: Error Log
2020-06-08T04:43:09.154Z [grades-control-api] warn: warn Log
2020-06-08T04:43:09.155Z [grades-control-api] info: info Log
2020-06-08T04:43:09.156Z [grades-control-api] verbose: verbose Log
2020-06-08T04:43:09.156Z [grades-control-api] debug: debug Log
2020-06-08T04:43:09.157Z [grades-control-api] silly: silly Log
2020-06-08T04:43:09.157Z [grades-control-api] info: Hello with Parameter !!
2020-06-08T04:43:12.378Z [grades-control-api] error: Error Log
2020-06-08T04:43:12.382Z [grades-control-api] warn: warn Log
2020-06-08T04:43:12.383Z [grades-control-api] info: info Log
2020-06-08T04:43:12.383Z [grades-control-api] verbose: verbose Log
2020-06-08T04:43:12.383Z [grades-control-api] debug: debug Log
2020-06-08T04:43:12.384Z [grades-control-api] silly: silly Log
2020-06-08T04:43:12.384Z [grades-control-api] info: Hello with Parameter !!
2020-06-08T04:45:54.402Z [grades-control-api] error: Error Log
2020-06-08T04:45:54.432Z [grades-control-api] warn: warn Log
2020-06-08T04:45:54.433Z [grades-control-api] info: info Log
2020-06-08T04:45:54.433Z [grades-control-api] verbose: verbose Log
2020-06-08T04:45:54.434Z [grades-control-api] debug: debug Log
2020-06-08T04:45:54.434Z [grades-control-api] silly: silly Log
2020-06-08T04:45:54.435Z [grades-control-api] info: Hello with Parameter !!
2020-06-08T04:45:56.815Z [grades-control-api] error: Error Log
2020-06-08T04:45:56.862Z [grades-control-api] warn: warn Log
2020-06-08T04:45:56.865Z [grades-control-api] info: info Log
2020-06-08T04:45:56.866Z [grades-control-api] verbose: verbose Log
2020-06-08T04:45:56.867Z [grades-control-api] debug: debug Log
2020-06-08T04:45:56.868Z [grades-control-api] silly: silly Log
2020-06-08T04:45:56.869Z [grades-control-api] info: Hello with Parameter !!
2020-06-08T04:46:45.582Z [grades-control-api] error: Error Log
2020-06-08T04:46:45.611Z [grades-control-api] warn: warn Log
2020-06-08T04:46:45.632Z [grades-control-api] info: info Log
2020-06-08T04:46:45.632Z [grades-control-api] verbose: verbose Log
2020-06-08T04:46:45.632Z [grades-control-api] debug: debug Log
2020-06-08T04:46:45.632Z [grades-control-api] silly: silly Log
2020-06-08T04:46:45.633Z [grades-control-api] info: Hello with Parameter !!
2020-06-08T04:46:52.776Z [grades-control-api] error: Error Log
2020-06-08T04:46:52.828Z [grades-control-api] warn: warn Log
2020-06-08T04:46:53.031Z [grades-control-api] info: info Log
2020-06-08T04:46:53.032Z [grades-control-api] verbose: verbose Log
2020-06-08T04:46:53.032Z [grades-control-api] debug: debug Log
2020-06-08T04:46:53.033Z [grades-control-api] silly: silly Log
2020-06-08T04:46:53.034Z [grades-control-api] info: Hello with Parameter !!
2020-06-08T04:48:40.873Z [grades-control-api] error: Error Log
2020-06-08T04:48:40.882Z [grades-control-api] warn: warn Log
2020-06-08T04:48:40.887Z [grades-control-api] info: info Log
2020-06-08T04:48:40.887Z [grades-control-api] verbose: verbose Log
2020-06-08T04:48:40.887Z [grades-control-api] debug: debug Log
2020-06-08T04:48:40.888Z [grades-control-api] silly: silly Log
2020-06-08T04:48:40.888Z [grades-control-api] info: Hello with Parameter !!
